#
# There is insufficient memory for the Java Runtime Environment to continue.
# Native memory allocation (mmap) failed to map 247463936 bytes for committing reserved memory.
# Possible reasons:
#   The system is out of physical RAM or swap space
#   In 32 bit mode, the process size limit was hit
# Possible solutions:
#   Reduce memory load on the system
#   Increase physical memory or swap space
#   Check if swap backing store is full
#   Use 64 bit Java on a 64 bit OS
#   Decrease Java heap size (-Xmx/-Xms)
#   Decrease number of Java threads
#   Decrease Java thread stack sizes (-Xss)
#   Set larger code cache with -XX:ReservedCodeCacheSize=
# This output file may be truncated or incomplete.
#
#  Out of Memory Error (os_linux.cpp:2627), pid=15229, tid=140163015489280
#
# JRE version: Java(TM) SE Runtime Environment (8.0_91-b14) (build 1.8.0_91-b14)
# Java VM: Java HotSpot(TM) 64-Bit Server VM (25.91-b14 mixed mode linux-amd64 compressed oops)
# Failed to write core dump. Core dumps have been disabled. To enable core dumping, try "ulimit -c unlimited" before starting Java again
#

---------------  T H R E A D  ---------------

Current thread (0x00007f7a54077800):  VMThread [stack: 0x00007f7a3eafb000,0x00007f7a3ebfc000] [id=15235]

Stack: [0x00007f7a3eafb000,0x00007f7a3ebfc000],  sp=0x00007f7a3ebfa2e0,  free space=1020k
Native frames: (J=compiled Java code, j=interpreted, Vv=VM code, C=native code)
V  [libjvm.so+0xabc18a]  VMError::report_and_die()+0x2ba
V  [libjvm.so+0x4fafeb]  report_vm_out_of_memory(char const*, int, unsigned long, VMErrorType, char const*)+0x8b
V  [libjvm.so+0x91cbb3]  os::Linux::commit_memory_impl(char*, unsigned long, bool)+0x103
V  [libjvm.so+0x91d109]  os::pd_commit_memory(char*, unsigned long, unsigned long, bool)+0x29
V  [libjvm.so+0x91740a]  os::commit_memory(char*, unsigned long, unsigned long, bool)+0x2a
V  [libjvm.so+0x98b033]  PSVirtualSpace::expand_by(unsigned long)+0x53
V  [libjvm.so+0x97b920]  PSOldGen::expand(unsigned long)+0x170
V  [libjvm.so+0x97bb2b]  PSOldGen::resize(unsigned long)+0x1cb
V  [libjvm.so+0x983801]  PSParallelCompact::invoke_no_policy(bool)+0x991
V  [libjvm.so+0x98915d]  PSScavenge::invoke()+0x1ad
V  [libjvm.so+0x9408b0]  ParallelScavengeHeap::failed_mem_allocate(unsigned long)+0x70
V  [libjvm.so+0xabdba7]  VM_ParallelGCFailedAllocation::doit()+0x97
V  [libjvm.so+0xac55d5]  VM_Operation::evaluate()+0x55
V  [libjvm.so+0xac39aa]  VMThread::evaluate_operation(VM_Operation*)+0xba
V  [libjvm.so+0xac3d2e]  VMThread::loop()+0x1ce
V  [libjvm.so+0xac41a0]  VMThread::run()+0x70
V  [libjvm.so+0x91ef78]  java_start(Thread*)+0x108

VM_Operation (0x00007f7a5de543e0): ParallelGCFailedAllocation, mode: safepoint, requested by thread 0x00007f7a54009800


---------------  P R O C E S S  ---------------

Java Threads: ( => current thread )
  0x00007f7a540c0000 JavaThread "Service Thread" daemon [_thread_blocked, id=15243, stack(0x00007f7a3dd12000,0x00007f7a3de13000)]
  0x00007f7a540bd000 JavaThread "C1 CompilerThread2" daemon [_thread_blocked, id=15242, stack(0x00007f7a3de13000,0x00007f7a3df14000)]
  0x00007f7a540bb800 JavaThread "C2 CompilerThread1" daemon [_thread_blocked, id=15241, stack(0x00007f7a3df14000,0x00007f7a3e015000)]
  0x00007f7a540b8800 JavaThread "C2 CompilerThread0" daemon [_thread_blocked, id=15240, stack(0x00007f7a3e015000,0x00007f7a3e116000)]
  0x00007f7a540b7000 JavaThread "Signal Dispatcher" daemon [_thread_blocked, id=15239, stack(0x00007f7a3e116000,0x00007f7a3e217000)]
  0x00007f7a54083800 JavaThread "Finalizer" daemon [_thread_blocked, id=15237, stack(0x00007f7a3e8f9000,0x00007f7a3e9fa000)]
  0x00007f7a5407f000 JavaThread "Reference Handler" daemon [_thread_blocked, id=15236, stack(0x00007f7a3e9fa000,0x00007f7a3eafb000)]
  0x00007f7a54009800 JavaThread "main" [_thread_blocked, id=15230, stack(0x00007f7a5dd55000,0x00007f7a5de56000)]

Other Threads:
=>0x00007f7a54077800 VMThread [stack: 0x00007f7a3eafb000,0x00007f7a3ebfc000] [id=15235]
  0x00007f7a540c3000 WatcherThread [stack: 0x00007f7a3dc11000,0x00007f7a3dd12000] [id=15244]

VM state:at safepoint (normal execution)

VM Mutex/Monitor currently owned by a thread:  ([mutex/lock_event])
[0x00007f7a54005720] ExpandHeap_lock - owner thread: 0x00007f7a54077800
[0x00007f7a54005da0] Threads_lock - owner thread: 0x00007f7a54077800
[0x00007f7a540062a0] Heap_lock - owner thread: 0x00007f7a54009800

Heap:
 PSYoungGen      total 361984K, used 71447K [0x0000000780000000, 0x00000007a5800000, 0x00000007c0000000)
  eden space 185344K, 0% used [0x0000000780000000,0x0000000780000000,0x000000078b500000)
  from space 176640K, 40% used [0x0000000797b00000,0x000000079c0c5fb8,0x00000007a2780000)
  to   space 202752K, 0% used [0x000000078b500000,0x000000078b500000,0x0000000797b00000)
 ParOldGen       total 752640K, used 752413K [0x0000000700000000, 0x000000072df00000, 0x0000000780000000)
  object space 752640K, 99% used [0x0000000700000000,0x000000072dec7500,0x000000072df00000)
 Metaspace       used 2871K, capacity 4562K, committed 4864K, reserved 1056768K
  class space    used 310K, capacity 386K, committed 512K, reserved 1048576K

Card table byte_map: [0x00007f7a5a513000,0x00007f7a5ab14000] byte_map_base: 0x00007f7a56d13000

Marking Bits: (ParMarkBitMap*) 0x00007f7a5d22ad60
 Begin Bits: [0x00007f7a3f000000, 0x00007f7a42000000)
 End Bits:   [0x00007f7a42000000, 0x00007f7a45000000)

Polling page: 0x00007f7a5de73000

CodeCache: size=245760Kb used=1128Kb max_used=1133Kb free=244631Kb
 bounds [0x00007f7a45000000, 0x00007f7a45270000, 0x00007f7a54000000]
 total_blobs=281 nmethods=26 adapters=170
 compilation: enabled

Compilation events (10 events):
Event: 0.715 Thread 0x00007f7a540bb800   23       4       java.lang.Long::valueOf (36 bytes)
Event: 0.717 Thread 0x00007f7a540bb800 nmethod 23 0x00007f7a45119b10 code [0x00007f7a45119c60, 0x00007f7a45119d58]
Event: 0.717 Thread 0x00007f7a540b8800 nmethod 22 0x00007f7a45119650 code [0x00007f7a451197c0, 0x00007f7a45119968]
Event: 0.738 Thread 0x00007f7a540bd000   24 %     3       HashDocument::hashDocument @ 72 (141 bytes)
Event: 0.740 Thread 0x00007f7a540bd000 nmethod 24% 0x00007f7a45117090 code [0x00007f7a45117300, 0x00007f7a45118c18]
Event: 0.740 Thread 0x00007f7a540bd000   25       3       HashDocument::hashDocument (141 bytes)
Event: 0.742 Thread 0x00007f7a540bd000 nmethod 25 0x00007f7a45114c10 code [0x00007f7a45114e80, 0x00007f7a45116698]
Event: 0.755 Thread 0x00007f7a540bb800   26 %     4       HashDocument::hashDocument @ 72 (141 bytes)
Event: 0.766 Thread 0x00007f7a540bb800 nmethod 26% 0x00007f7a4511ae50 code [0x00007f7a4511b040, 0x00007f7a4511b938]
Event: 47.693 Thread 0x00007f7a540bb800   27 %     4       HashDocument::hashDocument @ 72 (141 bytes)

GC Heap History (10 events):
Event: 13.099 GC heap after
Heap after GC invocations=12 (full 5):
 PSYoungGen      total 210432K, used 67177K [0x0000000780000000, 0x000000079c100000, 0x00000007c0000000)
  eden space 100864K, 66% used [0x0000000780000000,0x000000078419a678,0x0000000786280000)
  from space 109568K, 0% used [0x0000000786280000,0x0000000786280000,0x000000078cd80000)
  to   space 148992K, 0% used [0x0000000792f80000,0x0000000792f80000,0x000000079c100000)
 ParOldGen       total 547328K, used 356126K [0x0000000700000000, 0x0000000721680000, 0x0000000780000000)
  object space 547328K, 65% used [0x0000000700000000,0x0000000715bc7a18,0x0000000721680000)
 Metaspace       used 2871K, capacity 4562K, committed 4864K, reserved 1056768K
  class space    used 310K, capacity 386K, committed 512K, reserved 1048576K
}
Event: 13.395 GC heap before
{Heap before GC invocations=13 (full 5):
 PSYoungGen      total 210432K, used 100864K [0x0000000780000000, 0x000000079c100000, 0x00000007c0000000)
  eden space 100864K, 100% used [0x0000000780000000,0x0000000786280000,0x0000000786280000)
  from space 109568K, 0% used [0x0000000786280000,0x0000000786280000,0x000000078cd80000)
  to   space 148992K, 0% used [0x0000000792f80000,0x0000000792f80000,0x000000079c100000)
 ParOldGen       total 547328K, used 356126K [0x0000000700000000, 0x0000000721680000, 0x0000000780000000)
  object space 547328K, 65% used [0x0000000700000000,0x0000000715bc7a18,0x0000000721680000)
 Metaspace       used 2871K, capacity 4562K, committed 4864K, reserved 1056768K
  class space    used 310K, capacity 386K, committed 512K, reserved 1048576K
Event: 21.941 GC heap after
Heap after GC invocations=13 (full 5):
 PSYoungGen      total 305152K, used 100992K [0x0000000780000000, 0x000000079ce00000, 0x00000007c0000000)
  eden space 156160K, 0% used [0x0000000780000000,0x0000000780000000,0x0000000789880000)
  from space 148992K, 67% used [0x0000000792f80000,0x0000000799220000,0x000000079c100000)
  to   space 154624K, 0% used [0x0000000789880000,0x0000000789880000,0x0000000792f80000)
 ParOldGen       total 547328K, used 356126K [0x0000000700000000, 0x0000000721680000, 0x0000000780000000)
  object space 547328K, 65% used [0x0000000700000000,0x0000000715bc7a18,0x0000000721680000)
 Metaspace       used 2871K, capacity 4562K, committed 4864K, reserved 1056768K
  class space    used 310K, capacity 386K, committed 512K, reserved 1048576K
}
Event: 26.245 GC heap before
{Heap before GC invocations=14 (full 6):
 PSYoungGen      total 305152K, used 257152K [0x0000000780000000, 0x000000079ce00000, 0x00000007c0000000)
  eden space 156160K, 100% used [0x0000000780000000,0x0000000789880000,0x0000000789880000)
  from space 148992K, 67% used [0x0000000792f80000,0x0000000799220000,0x000000079c100000)
  to   space 154624K, 0% used [0x0000000789880000,0x0000000789880000,0x0000000792f80000)
 ParOldGen       total 547328K, used 477812K [0x0000000700000000, 0x0000000721680000, 0x0000000780000000)
  object space 547328K, 87% used [0x0000000700000000,0x000000071d29d1b8,0x0000000721680000)
 Metaspace       used 2871K, capacity 4562K, committed 4864K, reserved 1056768K
  class space    used 310K, capacity 386K, committed 512K, reserved 1048576K
Event: 34.232 GC heap after
Heap after GC invocations=14 (full 6):
 PSYoungGen      total 305152K, used 106495K [0x0000000780000000, 0x000000079ce00000, 0x00000007c0000000)
  eden space 156160K, 68% used [0x0000000780000000,0x00000007867ffd88,0x0000000789880000)
  from space 148992K, 0% used [0x0000000792f80000,0x0000000792f80000,0x000000079c100000)
  to   space 154624K, 0% used [0x0000000789880000,0x0000000789880000,0x0000000792f80000)
 ParOldGen       total 752640K, used 547214K [0x0000000700000000, 0x000000072df00000, 0x0000000780000000)
  object space 752640K, 72% used [0x0000000700000000,0x0000000721663a10,0x000000072df00000)
 Metaspace       used 2871K, capacity 4562K, committed 4864K, reserved 1056768K
  class space    used 310K, capacity 386K, committed 512K, reserved 1048576K
}
Event: 34.614 GC heap before
{Heap before GC invocations=15 (full 6):
 PSYoungGen      total 305152K, used 156160K [0x0000000780000000, 0x000000079ce00000, 0x00000007c0000000)
  eden space 156160K, 100% used [0x0000000780000000,0x0000000789880000,0x0000000789880000)
  from space 148992K, 0% used [0x0000000792f80000,0x0000000792f80000,0x000000079c100000)
  to   space 154624K, 0% used [0x0000000789880000,0x0000000789880000,0x0000000792f80000)
 ParOldGen       total 752640K, used 547214K [0x0000000700000000, 0x000000072df00000, 0x0000000780000000)
  object space 752640K, 72% used [0x0000000700000000,0x0000000721663a10,0x000000072df00000)
 Metaspace       used 2871K, capacity 4562K, committed 4864K, reserved 1056768K
  class space    used 310K, capacity 386K, committed 512K, reserved 1048576K
Event: 40.647 GC heap after
Heap after GC invocations=15 (full 6):
 PSYoungGen      total 310784K, used 147744K [0x0000000780000000, 0x00000007a2780000, 0x00000007c0000000)
  eden space 156160K, 0% used [0x0000000780000000,0x0000000780000000,0x0000000789880000)
  from space 154624K, 95% used [0x0000000789880000,0x00000007928c8000,0x0000000792f80000)
  to   space 176640K, 0% used [0x0000000797b00000,0x0000000797b00000,0x00000007a2780000)
 ParOldGen       total 752640K, used 555886K [0x0000000700000000, 0x000000072df00000, 0x0000000780000000)
  object space 752640K, 73% used [0x0000000700000000,0x0000000721edba10,0x000000072df00000)
 Metaspace       used 2871K, capacity 4562K, committed 4864K, reserved 1056768K
  class space    used 310K, capacity 386K, committed 512K, reserved 1048576K
}
Event: 48.352 GC heap before
{Heap before GC invocations=16 (full 6):
 PSYoungGen      total 310784K, used 289910K [0x0000000780000000, 0x00000007a2780000, 0x00000007c0000000)
  eden space 156160K, 91% used [0x0000000780000000,0x0000000788ad5840,0x0000000789880000)
  from space 154624K, 95% used [0x0000000789880000,0x00000007928c8000,0x0000000792f80000)
  to   space 176640K, 0% used [0x0000000797b00000,0x0000000797b00000,0x00000007a2780000)
 ParOldGen       total 752640K, used 555886K [0x0000000700000000, 0x000000072df00000, 0x0000000780000000)
  object space 752640K, 73% used [0x0000000700000000,0x0000000721edba10,0x000000072df00000)
 Metaspace       used 2871K, capacity 4562K, committed 4864K, reserved 1056768K
  class space    used 310K, capacity 386K, committed 512K, reserved 1048576K
Event: 66.545 GC heap after
Heap after GC invocations=16 (full 6):
 PSYoungGen      total 361984K, used 175969K [0x0000000780000000, 0x00000007a5800000, 0x00000007c0000000)
  eden space 185344K, 0% used [0x0000000780000000,0x0000000780000000,0x000000078b500000)
  from space 176640K, 99% used [0x0000000797b00000,0x00000007a26d8418,0x00000007a2780000)
  to   space 202752K, 0% used [0x000000078b500000,0x000000078b500000,0x0000000797b00000)
 ParOldGen       total 752640K, used 648510K [0x0000000700000000, 0x000000072df00000, 0x0000000780000000)
  object space 752640K, 86% used [0x0000000700000000,0x000000072794fa10,0x000000072df00000)
 Metaspace       used 2871K, capacity 4562K, committed 4864K, reserved 1056768K
  class space    used 310K, capacity 386K, committed 512K, reserved 1048576K
}
Event: 77.833 GC heap before
{Heap before GC invocations=17 (full 7):
 PSYoungGen      total 361984K, used 175969K [0x0000000780000000, 0x00000007a5800000, 0x00000007c0000000)
  eden space 185344K, 0% used [0x0000000780000000,0x0000000780000000,0x000000078b500000)
  from space 176640K, 99% used [0x0000000797b00000,0x00000007a26d8418,0x00000007a2780000)
  to   space 202752K, 0% used [0x000000078b500000,0x000000078b500000,0x0000000797b00000)
 ParOldGen       total 752640K, used 648510K [0x0000000700000000, 0x000000072df00000, 0x0000000780000000)
  object space 752640K, 86% used [0x0000000700000000,0x000000072794fa10,0x000000072df00000)
 Metaspace       used 2871K, capacity 4562K, committed 4864K, reserved 1056768K
  class space    used 310K, capacity 386K, committed 512K, reserved 1048576K

Deoptimization events (2 events):
Event: 43.145 Thread 0x00007f7a54009800 Uncommon trap: reason=unstable_if action=reinterpret pc=0x00007f7a4511b7b8 method=HashDocument.hashDocument([BLjava/util/ArrayList;II)V @ 75
Event: 44.180 Thread 0x00007f7a54009800 Uncommon trap: reason=unstable_if action=reinterpret pc=0x00007f7a45119900 method=java.util.ArrayList.ensureCapacityInternal(I)V @ 7

Internal exceptions (2 events):
Event: 0.058 Thread 0x00007f7a54009800 Exception <a 'java/lang/NoSuchMethodError': Method sun.misc.Unsafe.defineClass(Ljava/lang/String;[BII)Ljava/lang/Class; name or signature does not match> (0x0000000780007cc0) thrown at [/HUDSON/workspace/8-2-build-linux-amd64/jdk8u91/6644/hotspot/src/shar
Event: 0.058 Thread 0x00007f7a54009800 Exception <a 'java/lang/NoSuchMethodError': Method sun.misc.Unsafe.prefetchRead(Ljava/lang/Object;J)V name or signature does not match> (0x0000000780007fa8) thrown at [/HUDSON/workspace/8-2-build-linux-amd64/jdk8u91/6644/hotspot/src/share/vm/prims/jni.cpp

Events (10 events):
Event: 34.233 Executing VM operation: ParallelGCFailedAllocation done
Event: 34.614 Executing VM operation: ParallelGCFailedAllocation
Event: 42.464 Executing VM operation: ParallelGCFailedAllocation done
Event: 43.064 Thread 0x00007f7a54009800 Uncommon trap: trap_request=0xffffff65 fr.pc=0x00007f7a4511b7b8
Event: 43.492 Thread 0x00007f7a54009800 DEOPT PACKING pc=0x00007f7a4511b7b8 sp=0x00007f7a5de54790
Event: 43.776 Thread 0x00007f7a54009800 DEOPT UNPACKING pc=0x00007f7a45005229 sp=0x00007f7a5de54780 mode 2
Event: 44.180 Thread 0x00007f7a54009800 Uncommon trap: trap_request=0xffffff65 fr.pc=0x00007f7a45119900
Event: 44.180 Thread 0x00007f7a54009800 DEOPT PACKING pc=0x00007f7a45119900 sp=0x00007f7a5de547c0
Event: 44.401 Thread 0x00007f7a54009800 DEOPT UNPACKING pc=0x00007f7a45005229 sp=0x00007f7a5de54730 mode 2
Event: 48.352 Executing VM operation: ParallelGCFailedAllocation


Dynamic libraries:
00400000-00401000 r-xp 00000000 08:05 5900728                            /usr/lib/jvm/java-8-oracle/jre/bin/java
00600000-00601000 rw-p 00000000 08:05 5900728                            /usr/lib/jvm/java-8-oracle/jre/bin/java
01b35000-01b56000 rw-p 00000000 00:00 0                                  [heap]
700000000-72df00000 rw-p 00000000 00:00 0 
73cb00000-780000000 ---p 00000000 00:00 0 
780000000-7a5800000 rw-p 00000000 00:00 0 
7a5800000-7c0000000 ---p 00000000 00:00 0 
7c0000000-7c0080000 rw-p 00000000 00:00 0 
7c0080000-800000000 ---p 00000000 00:00 0 
7f7a00000000-7f7a00021000 rw-p 00000000 00:00 0 
7f7a00021000-7f7a04000000 ---p 00000000 00:00 0 
7f7a08000000-7f7a08046000 rw-p 00000000 00:00 0 
7f7a08046000-7f7a0c000000 ---p 00000000 00:00 0 
7f7a0c000000-7f7a0c021000 rw-p 00000000 00:00 0 
7f7a0c021000-7f7a10000000 ---p 00000000 00:00 0 
7f7a10000000-7f7a1003e000 rw-p 00000000 00:00 0 
7f7a1003e000-7f7a14000000 ---p 00000000 00:00 0 
7f7a14000000-7f7a140a6000 rw-p 00000000 00:00 0 
7f7a140a6000-7f7a18000000 ---p 00000000 00:00 0 
7f7a18000000-7f7a18021000 rw-p 00000000 00:00 0 
7f7a18021000-7f7a1c000000 ---p 00000000 00:00 0 
7f7a1c000000-7f7a1c021000 rw-p 00000000 00:00 0 
7f7a1c021000-7f7a20000000 ---p 00000000 00:00 0 
7f7a20000000-7f7a20294000 rw-p 00000000 00:00 0 
7f7a20294000-7f7a24000000 ---p 00000000 00:00 0 
7f7a24000000-7f7a24021000 rw-p 00000000 00:00 0 
7f7a24021000-7f7a28000000 ---p 00000000 00:00 0 
7f7a28000000-7f7a29c57000 rw-p 00000000 00:00 0 
7f7a29c57000-7f7a2c000000 ---p 00000000 00:00 0 
7f7a2c000000-7f7a2c021000 rw-p 00000000 00:00 0 
7f7a2c021000-7f7a30000000 ---p 00000000 00:00 0 
7f7a30000000-7f7a30219000 rw-p 00000000 00:00 0 
7f7a30219000-7f7a34000000 ---p 00000000 00:00 0 
7f7a3650e000-7f7a38000000 rw-p 00000000 00:00 0 
7f7a38000000-7f7a3b797000 rw-p 00000000 00:00 0 
7f7a3b797000-7f7a3c000000 ---p 00000000 00:00 0 
7f7a3d7e9000-7f7a3d7ff000 r-xp 00000000 08:05 5901418                    /usr/lib/jvm/java-8-oracle/jre/lib/amd64/libnet.so
7f7a3d7ff000-7f7a3d9ff000 ---p 00016000 08:05 5901418                    /usr/lib/jvm/java-8-oracle/jre/lib/amd64/libnet.so
7f7a3d9ff000-7f7a3da00000 rw-p 00016000 08:05 5901418                    /usr/lib/jvm/java-8-oracle/jre/lib/amd64/libnet.so
7f7a3da00000-7f7a3da11000 r-xp 00000000 08:05 5901425                    /usr/lib/jvm/java-8-oracle/jre/lib/amd64/libnio.so
7f7a3da11000-7f7a3dc10000 ---p 00011000 08:05 5901425                    /usr/lib/jvm/java-8-oracle/jre/lib/amd64/libnio.so
7f7a3dc10000-7f7a3dc11000 rw-p 00010000 08:05 5901425                    /usr/lib/jvm/java-8-oracle/jre/lib/amd64/libnio.so
7f7a3dc11000-7f7a3dc12000 ---p 00000000 00:00 0 
7f7a3dc12000-7f7a3dd12000 rw-p 00000000 00:00 0                          [stack:15244]
7f7a3dd12000-7f7a3dd15000 ---p 00000000 00:00 0 
7f7a3dd15000-7f7a3de13000 rw-p 00000000 00:00 0                          [stack:15243]
7f7a3de13000-7f7a3de16000 ---p 00000000 00:00 0 
7f7a3de16000-7f7a3df14000 rw-p 00000000 00:00 0                          [stack:15242]
7f7a3df14000-7f7a3df17000 ---p 00000000 00:00 0 
7f7a3df17000-7f7a3e015000 rw-p 00000000 00:00 0                          [stack:15241]
7f7a3e015000-7f7a3e018000 ---p 00000000 00:00 0 
7f7a3e018000-7f7a3e116000 rw-p 00000000 00:00 0                          [stack:15240]
7f7a3e116000-7f7a3e119000 ---p 00000000 00:00 0 
7f7a3e119000-7f7a3e217000 rw-p 00000000 00:00 0                          [stack:15239]
7f7a3e217000-7f7a3e8f9000 r--p 00000000 08:05 5774361                    /usr/lib/locale/locale-archive
7f7a3e8f9000-7f7a3e8fc000 ---p 00000000 00:00 0 
7f7a3e8fc000-7f7a3e9fa000 rw-p 00000000 00:00 0                          [stack:15237]
7f7a3e9fa000-7f7a3e9fd000 ---p 00000000 00:00 0 
7f7a3e9fd000-7f7a3eafb000 rw-p 00000000 00:00 0                          [stack:15236]
7f7a3eafb000-7f7a3eafc000 ---p 00000000 00:00 0 
7f7a3eafc000-7f7a45000000 rw-p 00000000 00:00 0                          [stack:15235]
7f7a45000000-7f7a45270000 rwxp 00000000 00:00 0 
7f7a45270000-7f7a54000000 ---p 00000000 00:00 0 
7f7a54000000-7f7a540f5000 rw-p 00000000 00:00 0 
7f7a540f5000-7f7a58000000 ---p 00000000 00:00 0 
7f7a58090000-7f7a58cc0000 rw-p 00000000 00:00 0 
7f7a58cc0000-7f7a58e99000 r--s 03d1f000 08:05 5906414                    /usr/lib/jvm/java-8-oracle/jre/lib/rt.jar
7f7a58e99000-7f7a5934f000 rw-p 00000000 00:00 0 
7f7a5934f000-7f7a5970f000 ---p 00000000 00:00 0 
7f7a5970f000-7f7a59d0f000 rw-p 00000000 00:00 0 
7f7a59d0f000-7f7a59d10000 ---p 00000000 00:00 0 
7f7a59d10000-7f7a59e10000 rw-p 00000000 00:00 0                          [stack:15234]
7f7a59e10000-7f7a59e11000 ---p 00000000 00:00 0 
7f7a59e11000-7f7a59f11000 rw-p 00000000 00:00 0                          [stack:15233]
7f7a59f11000-7f7a59f12000 ---p 00000000 00:00 0 
7f7a59f12000-7f7a5a012000 rw-p 00000000 00:00 0                          [stack:15232]
7f7a5a012000-7f7a5a013000 ---p 00000000 00:00 0 
7f7a5a013000-7f7a5a283000 rw-p 00000000 00:00 0                          [stack:15231]
7f7a5a283000-7f7a5a513000 ---p 00000000 00:00 0 
7f7a5a513000-7f7a5a683000 rw-p 00000000 00:00 0 
7f7a5a683000-7f7a5a913000 ---p 00000000 00:00 0 
7f7a5a913000-7f7a5aa3f000 rw-p 00000000 00:00 0 
7f7a5aa3f000-7f7a5ab13000 ---p 00000000 00:00 0 
7f7a5ab13000-7f7a5ab1e000 rw-p 00000000 00:00 0 
7f7a5ab1e000-7f7a5aed4000 ---p 00000000 00:00 0 
7f7a5aed4000-7f7a5aeee000 r-xp 00000000 08:05 5901378                    /usr/lib/jvm/java-8-oracle/jre/lib/amd64/libzip.so
7f7a5aeee000-7f7a5b0ee000 ---p 0001a000 08:05 5901378                    /usr/lib/jvm/java-8-oracle/jre/lib/amd64/libzip.so
7f7a5b0ee000-7f7a5b0ef000 rw-p 0001a000 08:05 5901378                    /usr/lib/jvm/java-8-oracle/jre/lib/amd64/libzip.so
7f7a5b0ef000-7f7a5b0fa000 r-xp 00000000 08:05 2637415                    /lib/x86_64-linux-gnu/libnss_files-2.19.so
7f7a5b0fa000-7f7a5b2f9000 ---p 0000b000 08:05 2637415                    /lib/x86_64-linux-gnu/libnss_files-2.19.so
7f7a5b2f9000-7f7a5b2fa000 r--p 0000a000 08:05 2637415                    /lib/x86_64-linux-gnu/libnss_files-2.19.so
7f7a5b2fa000-7f7a5b2fb000 rw-p 0000b000 08:05 2637415                    /lib/x86_64-linux-gnu/libnss_files-2.19.so
7f7a5b2fb000-7f7a5b306000 r-xp 00000000 08:05 2636122                    /lib/x86_64-linux-gnu/libnss_nis-2.19.so
7f7a5b306000-7f7a5b505000 ---p 0000b000 08:05 2636122                    /lib/x86_64-linux-gnu/libnss_nis-2.19.so
7f7a5b505000-7f7a5b506000 r--p 0000a000 08:05 2636122                    /lib/x86_64-linux-gnu/libnss_nis-2.19.so
7f7a5b506000-7f7a5b507000 rw-p 0000b000 08:05 2636122                    /lib/x86_64-linux-gnu/libnss_nis-2.19.so
7f7a5b507000-7f7a5b51e000 r-xp 00000000 08:05 2633746                    /lib/x86_64-linux-gnu/libnsl-2.19.so
7f7a5b51e000-7f7a5b71d000 ---p 00017000 08:05 2633746                    /lib/x86_64-linux-gnu/libnsl-2.19.so
7f7a5b71d000-7f7a5b71e000 r--p 00016000 08:05 2633746                    /lib/x86_64-linux-gnu/libnsl-2.19.so
7f7a5b71e000-7f7a5b71f000 rw-p 00017000 08:05 2633746                    /lib/x86_64-linux-gnu/libnsl-2.19.so
7f7a5b71f000-7f7a5b721000 rw-p 00000000 00:00 0 
7f7a5b721000-7f7a5b72a000 r-xp 00000000 08:05 2633745                    /lib/x86_64-linux-gnu/libnss_compat-2.19.so
7f7a5b72a000-7f7a5b929000 ---p 00009000 08:05 2633745                    /lib/x86_64-linux-gnu/libnss_compat-2.19.so
7f7a5b929000-7f7a5b92a000 r--p 00008000 08:05 2633745                    /lib/x86_64-linux-gnu/libnss_compat-2.19.so
7f7a5b92a000-7f7a5b92b000 rw-p 00009000 08:05 2633745                    /lib/x86_64-linux-gnu/libnss_compat-2.19.so
7f7a5b92b000-7f7a5b955000 r-xp 00000000 08:05 5901396                    /usr/lib/jvm/java-8-oracle/jre/lib/amd64/libjava.so
7f7a5b955000-7f7a5bb55000 ---p 0002a000 08:05 5901396                    /usr/lib/jvm/java-8-oracle/jre/lib/amd64/libjava.so
7f7a5bb55000-7f7a5bb57000 rw-p 0002a000 08:05 5901396                    /usr/lib/jvm/java-8-oracle/jre/lib/amd64/libjava.so
7f7a5bb57000-7f7a5bb64000 r-xp 00000000 08:05 5901380                    /usr/lib/jvm/java-8-oracle/jre/lib/amd64/libverify.so
7f7a5bb64000-7f7a5bd64000 ---p 0000d000 08:05 5901380                    /usr/lib/jvm/java-8-oracle/jre/lib/amd64/libverify.so
7f7a5bd64000-7f7a5bd66000 rw-p 0000d000 08:05 5901380                    /usr/lib/jvm/java-8-oracle/jre/lib/amd64/libverify.so
7f7a5bd66000-7f7a5bd6d000 r-xp 00000000 08:05 2637411                    /lib/x86_64-linux-gnu/librt-2.19.so
7f7a5bd6d000-7f7a5bf6c000 ---p 00007000 08:05 2637411                    /lib/x86_64-linux-gnu/librt-2.19.so
7f7a5bf6c000-7f7a5bf6d000 r--p 00006000 08:05 2637411                    /lib/x86_64-linux-gnu/librt-2.19.so
7f7a5bf6d000-7f7a5bf6e000 rw-p 00007000 08:05 2637411                    /lib/x86_64-linux-gnu/librt-2.19.so
7f7a5bf6e000-7f7a5c073000 r-xp 00000000 08:05 2633735                    /lib/x86_64-linux-gnu/libm-2.19.so
7f7a5c073000-7f7a5c272000 ---p 00105000 08:05 2633735                    /lib/x86_64-linux-gnu/libm-2.19.so
7f7a5c272000-7f7a5c273000 r--p 00104000 08:05 2633735                    /lib/x86_64-linux-gnu/libm-2.19.so
7f7a5c273000-7f7a5c274000 rw-p 00105000 08:05 2633735                    /lib/x86_64-linux-gnu/libm-2.19.so
7f7a5c274000-7f7a5cf34000 r-xp 00000000 08:05 5901435                    /usr/lib/jvm/java-8-oracle/jre/lib/amd64/server/libjvm.so
7f7a5cf34000-7f7a5d134000 ---p 00cc0000 08:05 5901435                    /usr/lib/jvm/java-8-oracle/jre/lib/amd64/server/libjvm.so
7f7a5d134000-7f7a5d20c000 rw-p 00cc0000 08:05 5901435                    /usr/lib/jvm/java-8-oracle/jre/lib/amd64/server/libjvm.so
7f7a5d20c000-7f7a5d257000 rw-p 00000000 00:00 0 
7f7a5d257000-7f7a5d412000 r-xp 00000000 08:05 2637412                    /lib/x86_64-linux-gnu/libc-2.19.so
7f7a5d412000-7f7a5d611000 ---p 001bb000 08:05 2637412                    /lib/x86_64-linux-gnu/libc-2.19.so
7f7a5d611000-7f7a5d615000 r--p 001ba000 08:05 2637412                    /lib/x86_64-linux-gnu/libc-2.19.so
7f7a5d615000-7f7a5d617000 rw-p 001be000 08:05 2637412                    /lib/x86_64-linux-gnu/libc-2.19.so
7f7a5d617000-7f7a5d61c000 rw-p 00000000 00:00 0 
7f7a5d61c000-7f7a5d61f000 r-xp 00000000 08:05 2633739                    /lib/x86_64-linux-gnu/libdl-2.19.so
7f7a5d61f000-7f7a5d81e000 ---p 00003000 08:05 2633739                    /lib/x86_64-linux-gnu/libdl-2.19.so
7f7a5d81e000-7f7a5d81f000 r--p 00002000 08:05 2633739                    /lib/x86_64-linux-gnu/libdl-2.19.so
7f7a5d81f000-7f7a5d820000 rw-p 00003000 08:05 2633739                    /lib/x86_64-linux-gnu/libdl-2.19.so
7f7a5d820000-7f7a5d835000 r-xp 00000000 08:05 5901407                    /usr/lib/jvm/java-8-oracle/jre/lib/amd64/jli/libjli.so
7f7a5d835000-7f7a5da35000 ---p 00015000 08:05 5901407                    /usr/lib/jvm/java-8-oracle/jre/lib/amd64/jli/libjli.so
7f7a5da35000-7f7a5da36000 rw-p 00015000 08:05 5901407                    /usr/lib/jvm/java-8-oracle/jre/lib/amd64/jli/libjli.so
7f7a5da36000-7f7a5da4f000 r-xp 00000000 08:05 2633747                    /lib/x86_64-linux-gnu/libpthread-2.19.so
7f7a5da4f000-7f7a5dc4e000 ---p 00019000 08:05 2633747                    /lib/x86_64-linux-gnu/libpthread-2.19.so
7f7a5dc4e000-7f7a5dc4f000 r--p 00018000 08:05 2633747                    /lib/x86_64-linux-gnu/libpthread-2.19.so
7f7a5dc4f000-7f7a5dc50000 rw-p 00019000 08:05 2633747                    /lib/x86_64-linux-gnu/libpthread-2.19.so
7f7a5dc50000-7f7a5dc54000 rw-p 00000000 00:00 0 
7f7a5dc54000-7f7a5dc77000 r-xp 00000000 08:05 2636117                    /lib/x86_64-linux-gnu/ld-2.19.so
7f7a5dc96000-7f7a5dd55000 rw-p 00000000 00:00 0 
7f7a5dd55000-7f7a5dd58000 ---p 00000000 00:00 0 
7f7a5dd58000-7f7a5de5a000 rw-p 00000000 00:00 0                          [stack:15230]
7f7a5de69000-7f7a5de6a000 rw-p 00000000 00:00 0 
7f7a5de6a000-7f7a5de72000 rw-s 00000000 08:05 4853038                    /tmp/hsperfdata_shah/15229
7f7a5de72000-7f7a5de73000 rw-p 00000000 00:00 0 
7f7a5de73000-7f7a5de74000 ---p 00000000 00:00 0 
7f7a5de74000-7f7a5de76000 rw-p 00000000 00:00 0 
7f7a5de76000-7f7a5de77000 r--p 00022000 08:05 2636117                    /lib/x86_64-linux-gnu/ld-2.19.so
7f7a5de77000-7f7a5de78000 rw-p 00023000 08:05 2636117                    /lib/x86_64-linux-gnu/ld-2.19.so
7f7a5de78000-7f7a5de79000 rw-p 00000000 00:00 0 
7ffd26dbe000-7ffd26ddf000 rw-p 00000000 00:00 0                          [stack]
7ffd26df2000-7ffd26df4000 r--p 00000000 00:00 0                          [vvar]
7ffd26df4000-7ffd26df6000 r-xp 00000000 00:00 0                          [vdso]
ffffffffff600000-ffffffffff601000 r-xp 00000000 00:00 0                  [vsyscall]

VM Arguments:
jvm_args: -Xmx3g 
java_command: LocalMinima
java_class_path (initial): .
Launcher Type: SUN_STANDARD

Environment Variables:
JAVA_HOME=/usr/lib/jvm/java-7-oracle
PATH=/usr/local/sbin:/usr/local/bin:/usr/sbin:/usr/bin:/sbin:/bin:/usr/games:/usr/local/games:/usr/lib/jvm/java-7-oracle/bin:/usr/lib/jvm/java-7-oracle/db/bin:/usr/lib/jvm/java-7-oracle/jre/bin
SHELL=/bin/bash
DISPLAY=:0

Signal Handlers:
SIGSEGV: [libjvm.so+0xabca10], sa_mask[0]=11111111011111111101111111111110, sa_flags=SA_RESTART|SA_SIGINFO
SIGBUS: [libjvm.so+0xabca10], sa_mask[0]=11111111011111111101111111111110, sa_flags=SA_RESTART|SA_SIGINFO
SIGFPE: [libjvm.so+0x919a20], sa_mask[0]=11111111011111111101111111111110, sa_flags=SA_RESTART|SA_SIGINFO
SIGPIPE: [libjvm.so+0x919a20], sa_mask[0]=11111111011111111101111111111110, sa_flags=SA_RESTART|SA_SIGINFO
SIGXFSZ: [libjvm.so+0x919a20], sa_mask[0]=11111111011111111101111111111110, sa_flags=SA_RESTART|SA_SIGINFO
SIGILL: [libjvm.so+0x919a20], sa_mask[0]=11111111011111111101111111111110, sa_flags=SA_RESTART|SA_SIGINFO
SIGUSR1: SIG_DFL, sa_mask[0]=00000000000000000000000000000000, sa_flags=none
SIGUSR2: [libjvm.so+0x91b050], sa_mask[0]=00000000000000000000000000000000, sa_flags=SA_RESTART|SA_SIGINFO
SIGHUP: [libjvm.so+0x91c450], sa_mask[0]=11111111011111111101111111111110, sa_flags=SA_RESTART|SA_SIGINFO
SIGINT: [libjvm.so+0x91c450], sa_mask[0]=11111111011111111101111111111110, sa_flags=SA_RESTART|SA_SIGINFO
SIGTERM: [libjvm.so+0x91c450], sa_mask[0]=11111111011111111101111111111110, sa_flags=SA_RESTART|SA_SIGINFO
SIGQUIT: [libjvm.so+0x91c450], sa_mask[0]=11111111011111111101111111111110, sa_flags=SA_RESTART|SA_SIGINFO


---------------  S Y S T E M  ---------------

OS:DISTRIB_ID=Ubuntu
DISTRIB_RELEASE=14.04
DISTRIB_CODENAME=trusty
DISTRIB_DESCRIPTION="Ubuntu 14.04.3 LTS"

uname:Linux 3.19.0-25-generic #26~14.04.1-Ubuntu SMP Fri Jul 24 21:16:20 UTC 2015 x86_64
libc:glibc 2.19 NPTL 2.19 
rlimit: STACK 8192k, CORE 0k, NPROC 23578, NOFILE 4096, AS infinity
load average:20.91 14.64 6.76

/proc/meminfo:
MemTotal:        6057596 kB
MemFree:          132912 kB
MemAvailable:      91312 kB
Buffers:            2488 kB
Cached:           121472 kB
SwapCached:       147120 kB
Active:          4709776 kB
Inactive:        1040464 kB
Active(anon):    4705652 kB
Inactive(anon):   994464 kB
Active(file):       4124 kB
Inactive(file):    46000 kB
Unevictable:          48 kB
Mlocked:              48 kB
SwapTotal:       6237180 kB
SwapFree:            792 kB
Dirty:                 8 kB
Writeback:             0 kB
AnonPages:       5479580 kB
Mapped:            47140 kB
Shmem:             73528 kB
Slab:              66668 kB
SReclaimable:      35600 kB
SUnreclaim:        31068 kB
KernelStack:        8480 kB
PageTables:        53408 kB
NFS_Unstable:          0 kB
Bounce:                0 kB
WritebackTmp:          0 kB
CommitLimit:     9265976 kB
Committed_AS:   15901304 kB
VmallocTotal:   34359738367 kB
VmallocUsed:      553528 kB
VmallocChunk:   34359176668 kB
HardwareCorrupted:     0 kB
AnonHugePages:   3639296 kB
CmaTotal:              0 kB
CmaFree:               0 kB
HugePages_Total:       0
HugePages_Free:        0
HugePages_Rsvd:        0
HugePages_Surp:        0
Hugepagesize:       2048 kB
DirectMap4k:      149760 kB
DirectMap2M:     6088704 kB


CPU:total 4 (2 cores per cpu, 2 threads per core) family 6 model 42 stepping 7, cmov, cx8, fxsr, mmx, sse, sse2, sse3, ssse3, sse4.1, sse4.2, popcnt, avx, aes, clmul, ht, tsc, tscinvbit

/proc/cpuinfo:
processor	: 0
vendor_id	: GenuineIntel
cpu family	: 6
model		: 42
model name	: Intel(R) Core(TM) i5-2410M CPU @ 2.30GHz
stepping	: 7
microcode	: 0x1a
cpu MHz		: 889.363
cache size	: 3072 KB
physical id	: 0
siblings	: 4
core id		: 0
cpu cores	: 2
apicid		: 0
initial apicid	: 0
fpu		: yes
fpu_exception	: yes
cpuid level	: 13
wp		: yes
flags		: fpu vme de pse tsc msr pae mce cx8 apic sep mtrr pge mca cmov pat pse36 clflush dts acpi mmx fxsr sse sse2 ss ht tm pbe syscall nx rdtscp lm constant_tsc arch_perfmon pebs bts rep_good nopl xtopology nonstop_tsc aperfmperf eagerfpu pni pclmulqdq dtes64 monitor ds_cpl vmx est tm2 ssse3 cx16 xtpr pdcm pcid sse4_1 sse4_2 x2apic popcnt tsc_deadline_timer aes xsave avx lahf_lm ida arat epb pln pts dtherm tpr_shadow vnmi flexpriority ept vpid xsaveopt
bugs		:
bogomips	: 4589.90
clflush size	: 64
cache_alignment	: 64
address sizes	: 36 bits physical, 48 bits virtual
power management:

processor	: 1
vendor_id	: GenuineIntel
cpu family	: 6
model		: 42
model name	: Intel(R) Core(TM) i5-2410M CPU @ 2.30GHz
stepping	: 7
microcode	: 0x1a
cpu MHz		: 890.351
cache size	: 3072 KB
physical id	: 0
siblings	: 4
core id		: 0
cpu cores	: 2
apicid		: 1
initial apicid	: 1
fpu		: yes
fpu_exception	: yes
cpuid level	: 13
wp		: yes
flags		: fpu vme de pse tsc msr pae mce cx8 apic sep mtrr pge mca cmov pat pse36 clflush dts acpi mmx fxsr sse sse2 ss ht tm pbe syscall nx rdtscp lm constant_tsc arch_perfmon pebs bts rep_good nopl xtopology nonstop_tsc aperfmperf eagerfpu pni pclmulqdq dtes64 monitor ds_cpl vmx est tm2 ssse3 cx16 xtpr pdcm pcid sse4_1 sse4_2 x2apic popcnt tsc_deadline_timer aes xsave avx lahf_lm ida arat epb pln pts dtherm tpr_shadow vnmi flexpriority ept vpid xsaveopt
bugs		:
bogomips	: 4589.90
clflush size	: 64
cache_alignment	: 64
address sizes	: 36 bits physical, 48 bits virtual
power management:

processor	: 2
vendor_id	: GenuineIntel
cpu family	: 6
model		: 42
model name	: Intel(R) Core(TM) i5-2410M CPU @ 2.30GHz
stepping	: 7
microcode	: 0x1a
cpu MHz		: 891.339
cache size	: 3072 KB
physical id	: 0
siblings	: 4
core id		: 1
cpu cores	: 2
apicid		: 2
initial apicid	: 2
fpu		: yes
fpu_exception	: yes
cpuid level	: 13
wp		: yes
flags		: fpu vme de pse tsc msr pae mce cx8 apic sep mtrr pge mca cmov pat pse36 clflush dts acpi mmx fxsr sse sse2 ss ht tm pbe syscall nx rdtscp lm constant_tsc arch_perfmon pebs bts rep_good nopl xtopology nonstop_tsc aperfmperf eagerfpu pni pclmulqdq dtes64 monitor ds_cpl vmx est tm2 ssse3 cx16 xtpr pdcm pcid sse4_1 sse4_2 x2apic popcnt tsc_deadline_timer aes xsave avx lahf_lm ida arat epb pln pts dtherm tpr_shadow vnmi flexpriority ept vpid xsaveopt
bugs		:
bogomips	: 4589.90
clflush size	: 64
cache_alignment	: 64
address sizes	: 36 bits physical, 48 bits virtual
power management:

processor	: 3
vendor_id	: GenuineIntel
cpu family	: 6
model		: 42
model name	: Intel(R) Core(TM) i5-2410M CPU @ 2.30GHz
stepping	: 7
microcode	: 0x1a
cpu MHz		: 807.425
cache size	: 3072 KB
physical id	: 0
siblings	: 4
core id		: 1
cpu cores	: 2
apicid		: 3
initial apicid	: 3
fpu		: yes
fpu_exception	: yes
cpuid level	: 13
wp		: yes
flags		: fpu vme de pse tsc msr pae mce cx8 apic sep mtrr pge mca cmov pat pse36 clflush dts acpi mmx fxsr sse sse2 ss ht tm pbe syscall nx rdtscp lm constant_tsc arch_perfmon pebs bts rep_good nopl xtopology nonstop_tsc aperfmperf eagerfpu pni pclmulqdq dtes64 monitor ds_cpl vmx est tm2 ssse3 cx16 xtpr pdcm pcid sse4_1 sse4_2 x2apic popcnt tsc_deadline_timer aes xsave avx lahf_lm ida arat epb pln pts dtherm tpr_shadow vnmi flexpriority ept vpid xsaveopt
bugs		:
bogomips	: 4589.90
clflush size	: 64
cache_alignment	: 64
address sizes	: 36 bits physical, 48 bits virtual
power management:



Memory: 4k page, physical 6057596k(132912k free), swap 6237180k(792k free)

vm_info: Java HotSpot(TM) 64-Bit Server VM (25.91-b14) for linux-amd64 JRE (1.8.0_91-b14), built on Apr  1 2016 00:57:21 by "java_re" with gcc 4.3.0 20080428 (Red Hat 4.3.0-8)

time: Thu Aug  4 23:26:52 2016
elapsed time: 343 seconds (0d 0h 5m 43s)

