#
# There is insufficient memory for the Java Runtime Environment to continue.
# Native memory allocation (mmap) failed to map 594018304 bytes for committing reserved memory.
# Possible reasons:
#   The system is out of physical RAM or swap space
#   In 32 bit mode, the process size limit was hit
# Possible solutions:
#   Reduce memory load on the system
#   Increase physical memory or swap space
#   Check if swap backing store is full
#   Use 64 bit Java on a 64 bit OS
#   Decrease Java heap size (-Xmx/-Xms)
#   Decrease number of Java threads
#   Decrease Java thread stack sizes (-Xss)
#   Set larger code cache with -XX:ReservedCodeCacheSize=
# This output file may be truncated or incomplete.
#
#  Out of Memory Error (os_linux.cpp:2627), pid=4778, tid=140308404766464
#
# JRE version: Java(TM) SE Runtime Environment (8.0_91-b14) (build 1.8.0_91-b14)
# Java VM: Java HotSpot(TM) 64-Bit Server VM (25.91-b14 mixed mode linux-amd64 compressed oops)
# Failed to write core dump. Core dumps have been disabled. To enable core dumping, try "ulimit -c unlimited" before starting Java again
#

---------------  T H R E A D  ---------------

Current thread (0x00007f9c2c077800):  VMThread [stack: 0x00007f9c18900000,0x00007f9c18a01000] [id=4784]

Stack: [0x00007f9c18900000,0x00007f9c18a01000],  sp=0x00007f9c189ff060,  free space=1020k
Native frames: (J=compiled Java code, j=interpreted, Vv=VM code, C=native code)
V  [libjvm.so+0xabc18a]  VMError::report_and_die()+0x2ba
V  [libjvm.so+0x4fafeb]  report_vm_out_of_memory(char const*, int, unsigned long, VMErrorType, char const*)+0x8b
V  [libjvm.so+0x91cbb3]  os::Linux::commit_memory_impl(char*, unsigned long, bool)+0x103
V  [libjvm.so+0x91d109]  os::pd_commit_memory(char*, unsigned long, unsigned long, bool)+0x29
V  [libjvm.so+0x91740a]  os::commit_memory(char*, unsigned long, unsigned long, bool)+0x2a
V  [libjvm.so+0x98b033]  PSVirtualSpace::expand_by(unsigned long)+0x53
V  [libjvm.so+0x97b920]  PSOldGen::expand(unsigned long)+0x170
V  [libjvm.so+0x97bb2b]  PSOldGen::resize(unsigned long)+0x1cb
V  [libjvm.so+0x983801]  PSParallelCompact::invoke_no_policy(bool)+0x991
V  [libjvm.so+0x98915d]  PSScavenge::invoke()+0x1ad
V  [libjvm.so+0x9408b0]  ParallelScavengeHeap::failed_mem_allocate(unsigned long)+0x70
V  [libjvm.so+0xabdba7]  VM_ParallelGCFailedAllocation::doit()+0x97
V  [libjvm.so+0xac55d5]  VM_Operation::evaluate()+0x55
V  [libjvm.so+0xac39aa]  VMThread::evaluate_operation(VM_Operation*)+0xba
V  [libjvm.so+0xac3d2e]  VMThread::loop()+0x1ce
V  [libjvm.so+0xac41a0]  VMThread::run()+0x70
V  [libjvm.so+0x91ef78]  java_start(Thread*)+0x108

VM_Operation (0x00007f9c320f33a0): ParallelGCFailedAllocation, mode: safepoint, requested by thread 0x00007f9c2c009800


---------------  P R O C E S S  ---------------

Java Threads: ( => current thread )
  0x00007f9c2c0c8000 JavaThread "Service Thread" daemon [_thread_blocked, id=4791, stack(0x00007f9c13afb000,0x00007f9c13bfc000)]
  0x00007f9c2c0bd000 JavaThread "C1 CompilerThread2" daemon [_thread_blocked, id=4790, stack(0x00007f9c13bfc000,0x00007f9c13cfd000)]
  0x00007f9c2c0bb800 JavaThread "C2 CompilerThread1" daemon [_thread_blocked, id=4789, stack(0x00007f9c13cfd000,0x00007f9c13dfe000)]
  0x00007f9c2c0b8800 JavaThread "C2 CompilerThread0" daemon [_thread_blocked, id=4788, stack(0x00007f9c13dfe000,0x00007f9c13eff000)]
  0x00007f9c2c0b7000 JavaThread "Signal Dispatcher" daemon [_thread_blocked, id=4787, stack(0x00007f9c13eff000,0x00007f9c14000000)]
  0x00007f9c2c083800 JavaThread "Finalizer" daemon [_thread_blocked, id=4786, stack(0x00007f9c186fe000,0x00007f9c187ff000)]
  0x00007f9c2c07f000 JavaThread "Reference Handler" daemon [_thread_blocked, id=4785, stack(0x00007f9c187ff000,0x00007f9c18900000)]
  0x00007f9c2c009800 JavaThread "main" [_thread_blocked, id=4779, stack(0x00007f9c31ff4000,0x00007f9c320f5000)]

Other Threads:
=>0x00007f9c2c077800 VMThread [stack: 0x00007f9c18900000,0x00007f9c18a01000] [id=4784]
  0x00007f9c2c0cb000 WatcherThread [stack: 0x00007f9c139fa000,0x00007f9c13afb000] [id=4792]

VM state:at safepoint (normal execution)

VM Mutex/Monitor currently owned by a thread:  ([mutex/lock_event])
[0x00007f9c2c005720] ExpandHeap_lock - owner thread: 0x00007f9c2c077800
[0x00007f9c2c005da0] Threads_lock - owner thread: 0x00007f9c2c077800
[0x00007f9c2c0062a0] Heap_lock - owner thread: 0x00007f9c2c009800

Heap:
 PSYoungGen      total 569856K, used 30034K [0x000000076ab00000, 0x00000007ab480000, 0x00000007c0000000)
  eden space 103936K, 0% used [0x000000076ab00000,0x000000076ab00000,0x0000000771080000)
  from space 465920K, 6% used [0x0000000771080000,0x0000000772dd4818,0x000000078d780000)
  to   space 465920K, 0% used [0x000000078ed80000,0x000000078ed80000,0x00000007ab480000)
 ParOldGen       total 2153472K, used 2153361K [0x00000006c0000000, 0x0000000743700000, 0x000000076ab00000)
  object space 2153472K, 99% used [0x00000006c0000000,0x00000007436e4490,0x0000000743700000)
 Metaspace       used 3337K, capacity 4570K, committed 4864K, reserved 1056768K
  class space    used 353K, capacity 389K, committed 512K, reserved 1048576K

Card table byte_map: [0x00007f9c1b5ad000,0x00007f9c1bdae000] byte_map_base: 0x00007f9c17fad000

Marking Bits: (ParMarkBitMap*) 0x00007f9c314c9d60
 Begin Bits: [0x00007f9bf4000000, 0x00007f9bf8000000)
 End Bits:   [0x00007f9bf8000000, 0x00007f9bfc000000)

Polling page: 0x00007f9c32112000

CodeCache: size=245760Kb used=2073Kb max_used=2091Kb free=243686Kb
 bounds [0x00007f9c1c16e000, 0x00007f9c1c3de000, 0x00007f9c2b16e000]
 total_blobs=526 nmethods=256 adapters=184
 compilation: enabled

Compilation events (10 events):
Event: 44.989 Thread 0x00007f9c2c0b8800 nmethod 252 0x00007f9c1c36b290 code [0x00007f9c1c36b420, 0x00007f9c1c36b778]
Event: 44.989 Thread 0x00007f9c2c0b8800  253       4       sun.security.jca.GetInstance::checkSuperClass (68 bytes)
Event: 44.990 Thread 0x00007f9c2c0b8800 nmethod 253 0x00007f9c1c36ea10 code [0x00007f9c1c36eb60, 0x00007f9c1c36ec78]
Event: 44.992 Thread 0x00007f9c2c0bb800 nmethod 251 0x00007f9c1c36f550 code [0x00007f9c1c36f720, 0x00007f9c1c36fcd8]
Event: 45.052 Thread 0x00007f9c2c0b8800  254       4       HashClass::put_hash (88 bytes)
Event: 45.054 Thread 0x00007f9c2c0bb800  255   !   4       java.lang.StringCoding::encode (120 bytes)
Event: 45.061 Thread 0x00007f9c2c0bb800 nmethod 255 0x00007f9c1c371250 code [0x00007f9c1c371400, 0x00007f9c1c371ac8]
Event: 45.189 Thread 0x00007f9c2c0b8800 nmethod 254 0x00007f9c1c377d90 code [0x00007f9c1c378140, 0x00007f9c1c37a6b8]
Event: 46.239 Thread 0x00007f9c2c0bb800  256       4       java.util.HashMap::resize (359 bytes)
Event: 46.246 Thread 0x00007f9c2c0bb800 nmethod 256 0x00007f9c1c3139d0 code [0x00007f9c1c313b60, 0x00007f9c1c314078]

GC Heap History (10 events):
Event: 43.692 GC heap after
Heap after GC invocations=35 (full 8):
 PSYoungGen      total 484864K, used 322944K [0x000000076ab00000, 0x00000007a4680000, 0x00000007c0000000)
  eden space 103424K, 0% used [0x000000076ab00000,0x000000076ab00000,0x0000000771000000)
  from space 381440K, 84% used [0x0000000771000000,0x0000000784b60010,0x0000000788480000)
  to   space 412672K, 0% used [0x000000078b380000,0x000000078b380000,0x00000007a4680000)
 ParOldGen       total 2153472K, used 1898979K [0x00000006c0000000, 0x0000000743700000, 0x000000076ab00000)
  object space 2153472K, 88% used [0x00000006c0000000,0x0000000733e78ff0,0x0000000743700000)
 Metaspace       used 3337K, capacity 4570K, committed 4864K, reserved 1056768K
  class space    used 353K, capacity 389K, committed 512K, reserved 1048576K
}
Event: 43.964 GC heap before
{Heap before GC invocations=36 (full 8):
 PSYoungGen      total 484864K, used 426368K [0x000000076ab00000, 0x00000007a4680000, 0x00000007c0000000)
  eden space 103424K, 100% used [0x000000076ab00000,0x0000000771000000,0x0000000771000000)
  from space 381440K, 84% used [0x0000000771000000,0x0000000784b60010,0x0000000788480000)
  to   space 412672K, 0% used [0x000000078b380000,0x000000078b380000,0x00000007a4680000)
 ParOldGen       total 2153472K, used 1898979K [0x00000006c0000000, 0x0000000743700000, 0x000000076ab00000)
  object space 2153472K, 88% used [0x00000006c0000000,0x0000000733e78ff0,0x0000000743700000)
 Metaspace       used 3337K, capacity 4570K, committed 4864K, reserved 1056768K
  class space    used 353K, capacity 389K, committed 512K, reserved 1048576K
Event: 44.931 GC heap after
Heap after GC invocations=36 (full 8):
 PSYoungGen      total 499712K, used 346976K [0x000000076ab00000, 0x00000007a8980000, 0x00000007c0000000)
  eden space 87040K, 0% used [0x000000076ab00000,0x000000076ab00000,0x0000000770000000)
  from space 412672K, 84% used [0x000000078b380000,0x00000007a0658010,0x00000007a4680000)
  to   space 445952K, 0% used [0x0000000770000000,0x0000000770000000,0x000000078b380000)
 ParOldGen       total 2153472K, used 1898979K [0x00000006c0000000, 0x0000000743700000, 0x000000076ab00000)
  object space 2153472K, 88% used [0x00000006c0000000,0x0000000733e78ff0,0x0000000743700000)
 Metaspace       used 3337K, capacity 4570K, committed 4864K, reserved 1056768K
  class space    used 353K, capacity 389K, committed 512K, reserved 1048576K
}
Event: 45.196 GC heap before
{Heap before GC invocations=37 (full 8):
 PSYoungGen      total 499712K, used 434016K [0x000000076ab00000, 0x00000007a8980000, 0x00000007c0000000)
  eden space 87040K, 100% used [0x000000076ab00000,0x0000000770000000,0x0000000770000000)
  from space 412672K, 84% used [0x000000078b380000,0x00000007a0658010,0x00000007a4680000)
  to   space 445952K, 0% used [0x0000000770000000,0x0000000770000000,0x000000078b380000)
 ParOldGen       total 2153472K, used 1898979K [0x00000006c0000000, 0x0000000743700000, 0x000000076ab00000)
  object space 2153472K, 88% used [0x00000006c0000000,0x0000000733e78ff0,0x0000000743700000)
 Metaspace       used 3337K, capacity 4570K, committed 4864K, reserved 1056768K
  class space    used 353K, capacity 389K, committed 512K, reserved 1048576K
Event: 46.143 GC heap after
Heap after GC invocations=37 (full 8):
 PSYoungGen      total 532992K, used 367136K [0x000000076ab00000, 0x00000007a9e80000, 0x00000007c0000000)
  eden space 87040K, 0% used [0x000000076ab00000,0x000000076ab00000,0x0000000770000000)
  from space 445952K, 82% used [0x0000000770000000,0x0000000786688010,0x000000078b380000)
  to   space 465920K, 0% used [0x000000078d780000,0x000000078d780000,0x00000007a9e80000)
 ParOldGen       total 2153472K, used 1898979K [0x00000006c0000000, 0x0000000743700000, 0x000000076ab00000)
  object space 2153472K, 88% used [0x00000006c0000000,0x0000000733e78ff0,0x0000000743700000)
 Metaspace       used 3337K, capacity 4570K, committed 4864K, reserved 1056768K
  class space    used 353K, capacity 389K, committed 512K, reserved 1048576K
}
Event: 46.346 GC heap before
{Heap before GC invocations=38 (full 8):
 PSYoungGen      total 532992K, used 454176K [0x000000076ab00000, 0x00000007a9e80000, 0x00000007c0000000)
  eden space 87040K, 100% used [0x000000076ab00000,0x0000000770000000,0x0000000770000000)
  from space 445952K, 82% used [0x0000000770000000,0x0000000786688010,0x000000078b380000)
  to   space 465920K, 0% used [0x000000078d780000,0x000000078d780000,0x00000007a9e80000)
 ParOldGen       total 2153472K, used 1898979K [0x00000006c0000000, 0x0000000743700000, 0x000000076ab00000)
  object space 2153472K, 88% used [0x00000006c0000000,0x0000000733e78ff0,0x0000000743700000)
 Metaspace       used 3337K, capacity 4570K, committed 4864K, reserved 1056768K
  class space    used 353K, capacity 389K, committed 512K, reserved 1048576K
Event: 47.329 GC heap after
Heap after GC invocations=38 (full 8):
 PSYoungGen      total 569856K, used 339968K [0x000000076ab00000, 0x00000007aa000000, 0x00000007c0000000)
  eden space 103936K, 0% used [0x000000076ab00000,0x000000076ab00000,0x0000000771080000)
  from space 465920K, 72% used [0x000000078d780000,0x00000007a2380010,0x00000007a9e80000)
  to   space 465920K, 0% used [0x0000000771080000,0x0000000771080000,0x000000078d780000)
 ParOldGen       total 2153472K, used 1946443K [0x00000006c0000000, 0x0000000743700000, 0x000000076ab00000)
  object space 2153472K, 90% used [0x00000006c0000000,0x0000000736cd2ff0,0x0000000743700000)
 Metaspace       used 3337K, capacity 4570K, committed 4864K, reserved 1056768K
  class space    used 353K, capacity 389K, committed 512K, reserved 1048576K
}
Event: 47.579 GC heap before
{Heap before GC invocations=39 (full 8):
 PSYoungGen      total 569856K, used 443904K [0x000000076ab00000, 0x00000007aa000000, 0x00000007c0000000)
  eden space 103936K, 100% used [0x000000076ab00000,0x0000000771080000,0x0000000771080000)
  from space 465920K, 72% used [0x000000078d780000,0x00000007a2380010,0x00000007a9e80000)
  to   space 465920K, 0% used [0x0000000771080000,0x0000000771080000,0x000000078d780000)
 ParOldGen       total 2153472K, used 1946443K [0x00000006c0000000, 0x0000000743700000, 0x000000076ab00000)
  object space 2153472K, 90% used [0x00000006c0000000,0x0000000736cd2ff0,0x0000000743700000)
 Metaspace       used 3337K, capacity 4570K, committed 4864K, reserved 1056768K
  class space    used 353K, capacity 389K, committed 512K, reserved 1048576K
Event: 48.378 GC heap after
Heap after GC invocations=39 (full 8):
 PSYoungGen      total 569856K, used 180672K [0x000000076ab00000, 0x00000007ab480000, 0x00000007c0000000)
  eden space 103936K, 0% used [0x000000076ab00000,0x000000076ab00000,0x0000000771080000)
  from space 465920K, 38% used [0x0000000771080000,0x000000077c0f0010,0x000000078d780000)
  to   space 465920K, 0% used [0x000000078ed80000,0x000000078ed80000,0x00000007ab480000)
 ParOldGen       total 2153472K, used 2128499K [0x00000006c0000000, 0x0000000743700000, 0x000000076ab00000)
  object space 2153472K, 98% used [0x00000006c0000000,0x0000000741e9cff0,0x0000000743700000)
 Metaspace       used 3337K, capacity 4570K, committed 4864K, reserved 1056768K
  class space    used 353K, capacity 389K, committed 512K, reserved 1048576K
}
Event: 48.378 GC heap before
{Heap before GC invocations=40 (full 9):
 PSYoungGen      total 569856K, used 180672K [0x000000076ab00000, 0x00000007ab480000, 0x00000007c0000000)
  eden space 103936K, 0% used [0x000000076ab00000,0x000000076ab00000,0x0000000771080000)
  from space 465920K, 38% used [0x0000000771080000,0x000000077c0f0010,0x000000078d780000)
  to   space 465920K, 0% used [0x000000078ed80000,0x000000078ed80000,0x00000007ab480000)
 ParOldGen       total 2153472K, used 2128499K [0x00000006c0000000, 0x0000000743700000, 0x000000076ab00000)
  object space 2153472K, 98% used [0x00000006c0000000,0x0000000741e9cff0,0x0000000743700000)
 Metaspace       used 3337K, capacity 4570K, committed 4864K, reserved 1056768K
  class space    used 353K, capacity 389K, committed 512K, reserved 1048576K

Deoptimization events (10 events):
Event: 19.824 Thread 0x00007f9c2c009800 Uncommon trap: reason=unstable_if action=reinterpret pc=0x00007f9c1c283700 method=java.util.ArrayList.ensureCapacityInternal(I)V @ 7
Event: 40.022 Thread 0x00007f9c2c009800 Uncommon trap: reason=unstable_if action=reinterpret pc=0x00007f9c1c2fca68 method=Tddd.storeChunks([BLjava/util/ArrayList;Ljava/lang/Long;Ljava/lang/Long;Ljava/lang/Long;Ljava/lang/Long;Ljava/lang/Long;Ljava/lang/Long;)V @ 220
Event: 40.079 Thread 0x00007f9c2c009800 Uncommon trap: reason=unstable_if action=reinterpret pc=0x00007f9c1c2aa724 method=java.lang.AbstractStringBuilder.append(I)Ljava/lang/AbstractStringBuilder; @ 16
Event: 40.079 Thread 0x00007f9c2c009800 Uncommon trap: reason=unstable_if action=reinterpret pc=0x00007f9c1c2a0524 method=java.lang.Integer.getChars(II[C)V @ 7
Event: 40.079 Thread 0x00007f9c2c009800 Uncommon trap: reason=unstable_if action=reinterpret pc=0x00007f9c1c2ad164 method=java.lang.AbstractStringBuilder.append(I)Ljava/lang/AbstractStringBuilder; @ 16
Event: 40.146 Thread 0x00007f9c2c009800 Uncommon trap: reason=unstable_if action=reinterpret pc=0x00007f9c1c30eea8 method=java.lang.AbstractStringBuilder.append(I)Ljava/lang/AbstractStringBuilder; @ 16
Event: 41.604 Thread 0x00007f9c2c009800 Uncommon trap: reason=unstable_if action=reinterpret pc=0x00007f9c1c3206c8 method=java.lang.ref.SoftReference.get()Ljava/lang/Object; @ 17
Event: 43.692 Thread 0x00007f9c2c009800 Uncommon trap: reason=unstable_if action=reinterpret pc=0x00007f9c1c34ac40 method=java.lang.ref.SoftReference.get()Ljava/lang/Object; @ 17
Event: 43.701 Thread 0x00007f9c2c009800 Uncommon trap: reason=unstable_if action=reinterpret pc=0x00007f9c1c342b88 method=Tddd.storeChunks([BLjava/util/ArrayList;Ljava/lang/Long;Ljava/lang/Long;Ljava/lang/Long;Ljava/lang/Long;Ljava/lang/Long;Ljava/lang/Long;)V @ 226
Event: 44.931 Thread 0x00007f9c2c009800 Uncommon trap: reason=unstable_if action=reinterpret pc=0x00007f9c1c32f8fc method=java.lang.ref.SoftReference.get()Ljava/lang/Object; @ 17

Internal exceptions (2 events):
Event: 0.058 Thread 0x00007f9c2c009800 Exception <a 'java/lang/NoSuchMethodError': Method sun.misc.Unsafe.defineClass(Ljava/lang/String;[BII)Ljava/lang/Class; name or signature does not match> (0x000000076ab07cc0) thrown at [/HUDSON/workspace/8-2-build-linux-amd64/jdk8u91/6644/hotspot/src/shar
Event: 0.058 Thread 0x00007f9c2c009800 Exception <a 'java/lang/NoSuchMethodError': Method sun.misc.Unsafe.prefetchRead(Ljava/lang/Object;J)V name or signature does not match> (0x000000076ab07fa8) thrown at [/HUDSON/workspace/8-2-build-linux-amd64/jdk8u91/6644/hotspot/src/share/vm/prims/jni.cpp

Events (10 events):
Event: 43.964 Executing VM operation: ParallelGCFailedAllocation
Event: 44.931 Executing VM operation: ParallelGCFailedAllocation done
Event: 44.931 Thread 0x00007f9c2c009800 Uncommon trap: trap_request=0xffffff65 fr.pc=0x00007f9c1c32f8fc
Event: 44.931 Thread 0x00007f9c2c009800 DEOPT PACKING pc=0x00007f9c1c32f8fc sp=0x00007f9c320f3560
Event: 44.931 Thread 0x00007f9c2c009800 DEOPT UNPACKING pc=0x00007f9c1c173229 sp=0x00007f9c320f3348 mode 2
Event: 45.196 Executing VM operation: ParallelGCFailedAllocation
Event: 46.143 Executing VM operation: ParallelGCFailedAllocation done
Event: 46.346 Executing VM operation: ParallelGCFailedAllocation
Event: 47.329 Executing VM operation: ParallelGCFailedAllocation done
Event: 47.579 Executing VM operation: ParallelGCFailedAllocation


Dynamic libraries:
00400000-00401000 r-xp 00000000 08:05 5900728                            /usr/lib/jvm/java-8-oracle/jre/bin/java
00600000-00601000 rw-p 00000000 08:05 5900728                            /usr/lib/jvm/java-8-oracle/jre/bin/java
00da5000-00dc6000 rw-p 00000000 00:00 0                                  [heap]
6c0000000-743700000 rw-p 00000000 00:00 0 
766d80000-76ab00000 ---p 00000000 00:00 0 
76ab00000-7ab480000 rw-p 00000000 00:00 0 
7ab480000-7c0000000 ---p 00000000 00:00 0 
7c0000000-7c0080000 rw-p 00000000 00:00 0 
7c0080000-800000000 ---p 00000000 00:00 0 
7f9bd0000000-7f9bd1878000 rw-p 00000000 00:00 0 
7f9bd1878000-7f9bd4000000 ---p 00000000 00:00 0 
7f9bd4000000-7f9bd4021000 rw-p 00000000 00:00 0 
7f9bd4021000-7f9bd8000000 ---p 00000000 00:00 0 
7f9bd8000000-7f9bd8021000 rw-p 00000000 00:00 0 
7f9bd8021000-7f9bdc000000 ---p 00000000 00:00 0 
7f9bdc000000-7f9bdca7c000 rw-p 00000000 00:00 0 
7f9bdca7c000-7f9be0000000 ---p 00000000 00:00 0 
7f9be0000000-7f9be01e2000 rw-p 00000000 00:00 0 
7f9be01e2000-7f9be4000000 ---p 00000000 00:00 0 
7f9be4000000-7f9be4021000 rw-p 00000000 00:00 0 
7f9be4021000-7f9be8000000 ---p 00000000 00:00 0 
7f9be8000000-7f9be9243000 rw-p 00000000 00:00 0 
7f9be9243000-7f9bec000000 ---p 00000000 00:00 0 
7f9bec000000-7f9bec021000 rw-p 00000000 00:00 0 
7f9bec021000-7f9bf0000000 ---p 00000000 00:00 0 
7f9bf0000000-7f9bf0021000 rw-p 00000000 00:00 0 
7f9bf0021000-7f9bf4000000 ---p 00000000 00:00 0 
7f9bf4000000-7f9bfc000000 rw-p 00000000 00:00 0 
7f9bfc000000-7f9c00000000 rw-p 00000000 00:00 0 
7f9c00000000-7f9c0028c000 rw-p 00000000 00:00 0 
7f9c0028c000-7f9c04000000 ---p 00000000 00:00 0 
7f9c04000000-7f9c08000000 rw-p 00000000 00:00 0 
7f9c0c000000-7f9c10000000 rw-p 00000000 00:00 0 
7f9c11023000-7f9c135d2000 rw-p 00000000 00:00 0 
7f9c135d2000-7f9c135e8000 r-xp 00000000 08:05 5901418                    /usr/lib/jvm/java-8-oracle/jre/lib/amd64/libnet.so
7f9c135e8000-7f9c137e8000 ---p 00016000 08:05 5901418                    /usr/lib/jvm/java-8-oracle/jre/lib/amd64/libnet.so
7f9c137e8000-7f9c137e9000 rw-p 00016000 08:05 5901418                    /usr/lib/jvm/java-8-oracle/jre/lib/amd64/libnet.so
7f9c137e9000-7f9c137fa000 r-xp 00000000 08:05 5901425                    /usr/lib/jvm/java-8-oracle/jre/lib/amd64/libnio.so
7f9c137fa000-7f9c139f9000 ---p 00011000 08:05 5901425                    /usr/lib/jvm/java-8-oracle/jre/lib/amd64/libnio.so
7f9c139f9000-7f9c139fa000 rw-p 00010000 08:05 5901425                    /usr/lib/jvm/java-8-oracle/jre/lib/amd64/libnio.so
7f9c139fa000-7f9c139fb000 ---p 00000000 00:00 0 
7f9c139fb000-7f9c13afb000 rw-p 00000000 00:00 0                          [stack:4792]
7f9c13afb000-7f9c13afe000 ---p 00000000 00:00 0 
7f9c13afe000-7f9c13bfc000 rw-p 00000000 00:00 0                          [stack:4791]
7f9c13bfc000-7f9c13bff000 ---p 00000000 00:00 0 
7f9c13bff000-7f9c13cfd000 rw-p 00000000 00:00 0                          [stack:4790]
7f9c13cfd000-7f9c13d00000 ---p 00000000 00:00 0 
7f9c13d00000-7f9c13dfe000 rw-p 00000000 00:00 0                          [stack:4789]
7f9c13dfe000-7f9c13e01000 ---p 00000000 00:00 0 
7f9c13e01000-7f9c13eff000 rw-p 00000000 00:00 0                          [stack:4788]
7f9c13eff000-7f9c13f02000 ---p 00000000 00:00 0 
7f9c13f02000-7f9c14000000 rw-p 00000000 00:00 0                          [stack:4787]
7f9c14000000-7f9c18000000 rw-p 00000000 00:00 0 
7f9c1801c000-7f9c186fe000 r--p 00000000 08:05 5774361                    /usr/lib/locale/locale-archive
7f9c186fe000-7f9c18701000 ---p 00000000 00:00 0 
7f9c18701000-7f9c187ff000 rw-p 00000000 00:00 0                          [stack:4786]
7f9c187ff000-7f9c18802000 ---p 00000000 00:00 0 
7f9c18802000-7f9c18900000 rw-p 00000000 00:00 0                          [stack:4785]
7f9c18900000-7f9c18901000 ---p 00000000 00:00 0 
7f9c18901000-7f9c19a04000 rw-p 00000000 00:00 0                          [stack:4784]
7f9c19a04000-7f9c19bdd000 r--s 03d1f000 08:05 5906414                    /usr/lib/jvm/java-8-oracle/jre/lib/rt.jar
7f9c19bdd000-7f9c1a093000 rw-p 00000000 00:00 0 
7f9c1a093000-7f9c1a453000 ---p 00000000 00:00 0 
7f9c1a453000-7f9c1ac53000 rw-p 00000000 00:00 0 
7f9c1ac53000-7f9c1ac54000 ---p 00000000 00:00 0 
7f9c1ac54000-7f9c1ad54000 rw-p 00000000 00:00 0                          [stack:4783]
7f9c1ad54000-7f9c1ad55000 ---p 00000000 00:00 0 
7f9c1ad55000-7f9c1ae55000 rw-p 00000000 00:00 0                          [stack:4782]
7f9c1ae55000-7f9c1ae56000 ---p 00000000 00:00 0 
7f9c1ae56000-7f9c1af56000 rw-p 00000000 00:00 0                          [stack:4781]
7f9c1af56000-7f9c1af57000 ---p 00000000 00:00 0 
7f9c1af57000-7f9c1b473000 rw-p 00000000 00:00 0                          [stack:4780]
7f9c1b473000-7f9c1b5ad000 ---p 00000000 00:00 0 
7f9c1b5ad000-7f9c1b9c9000 rw-p 00000000 00:00 0 
7f9c1b9c9000-7f9c1bb02000 ---p 00000000 00:00 0 
7f9c1bb02000-7f9c1bd08000 rw-p 00000000 00:00 0 
7f9c1bd08000-7f9c1bdad000 ---p 00000000 00:00 0 
7f9c1bdad000-7f9c1bdb8000 rw-p 00000000 00:00 0 
7f9c1bdb8000-7f9c1c16e000 ---p 00000000 00:00 0 
7f9c1c16e000-7f9c1c3de000 rwxp 00000000 00:00 0 
7f9c1c3de000-7f9c2b16e000 ---p 00000000 00:00 0 
7f9c2b16e000-7f9c2b188000 r-xp 00000000 08:05 5901378                    /usr/lib/jvm/java-8-oracle/jre/lib/amd64/libzip.so
7f9c2b188000-7f9c2b388000 ---p 0001a000 08:05 5901378                    /usr/lib/jvm/java-8-oracle/jre/lib/amd64/libzip.so
7f9c2b388000-7f9c2b389000 rw-p 0001a000 08:05 5901378                    /usr/lib/jvm/java-8-oracle/jre/lib/amd64/libzip.so
7f9c2b389000-7f9c2b394000 r-xp 00000000 08:05 2637415                    /lib/x86_64-linux-gnu/libnss_files-2.19.so
7f9c2b394000-7f9c2b593000 ---p 0000b000 08:05 2637415                    /lib/x86_64-linux-gnu/libnss_files-2.19.so
7f9c2b593000-7f9c2b594000 r--p 0000a000 08:05 2637415                    /lib/x86_64-linux-gnu/libnss_files-2.19.so
7f9c2b594000-7f9c2b595000 rw-p 0000b000 08:05 2637415                    /lib/x86_64-linux-gnu/libnss_files-2.19.so
7f9c2b595000-7f9c2b5a0000 r-xp 00000000 08:05 2636122                    /lib/x86_64-linux-gnu/libnss_nis-2.19.so
7f9c2b5a0000-7f9c2b79f000 ---p 0000b000 08:05 2636122                    /lib/x86_64-linux-gnu/libnss_nis-2.19.so
7f9c2b79f000-7f9c2b7a0000 r--p 0000a000 08:05 2636122                    /lib/x86_64-linux-gnu/libnss_nis-2.19.so
7f9c2b7a0000-7f9c2b7a1000 rw-p 0000b000 08:05 2636122                    /lib/x86_64-linux-gnu/libnss_nis-2.19.so
7f9c2b7a1000-7f9c2b7b8000 r-xp 00000000 08:05 2633746                    /lib/x86_64-linux-gnu/libnsl-2.19.so
7f9c2b7b8000-7f9c2b9b7000 ---p 00017000 08:05 2633746                    /lib/x86_64-linux-gnu/libnsl-2.19.so
7f9c2b9b7000-7f9c2b9b8000 r--p 00016000 08:05 2633746                    /lib/x86_64-linux-gnu/libnsl-2.19.so
7f9c2b9b8000-7f9c2b9b9000 rw-p 00017000 08:05 2633746                    /lib/x86_64-linux-gnu/libnsl-2.19.so
7f9c2b9b9000-7f9c2b9bb000 rw-p 00000000 00:00 0 
7f9c2b9bb000-7f9c2b9c4000 r-xp 00000000 08:05 2633745                    /lib/x86_64-linux-gnu/libnss_compat-2.19.so
7f9c2b9c4000-7f9c2bbc3000 ---p 00009000 08:05 2633745                    /lib/x86_64-linux-gnu/libnss_compat-2.19.so
7f9c2bbc3000-7f9c2bbc4000 r--p 00008000 08:05 2633745                    /lib/x86_64-linux-gnu/libnss_compat-2.19.so
7f9c2bbc4000-7f9c2bbc5000 rw-p 00009000 08:05 2633745                    /lib/x86_64-linux-gnu/libnss_compat-2.19.so
7f9c2bbc5000-7f9c2bbef000 r-xp 00000000 08:05 5901396                    /usr/lib/jvm/java-8-oracle/jre/lib/amd64/libjava.so
7f9c2bbef000-7f9c2bdef000 ---p 0002a000 08:05 5901396                    /usr/lib/jvm/java-8-oracle/jre/lib/amd64/libjava.so
7f9c2bdef000-7f9c2bdf1000 rw-p 0002a000 08:05 5901396                    /usr/lib/jvm/java-8-oracle/jre/lib/amd64/libjava.so
7f9c2bdf1000-7f9c2bdfe000 r-xp 00000000 08:05 5901380                    /usr/lib/jvm/java-8-oracle/jre/lib/amd64/libverify.so
7f9c2bdfe000-7f9c2bffe000 ---p 0000d000 08:05 5901380                    /usr/lib/jvm/java-8-oracle/jre/lib/amd64/libverify.so
7f9c2bffe000-7f9c2c000000 rw-p 0000d000 08:05 5901380                    /usr/lib/jvm/java-8-oracle/jre/lib/amd64/libverify.so
7f9c2c000000-7f9c2c130000 rw-p 00000000 00:00 0 
7f9c2c130000-7f9c30000000 ---p 00000000 00:00 0 
7f9c30005000-7f9c3000c000 r-xp 00000000 08:05 2637411                    /lib/x86_64-linux-gnu/librt-2.19.so
7f9c3000c000-7f9c3020b000 ---p 00007000 08:05 2637411                    /lib/x86_64-linux-gnu/librt-2.19.so
7f9c3020b000-7f9c3020c000 r--p 00006000 08:05 2637411                    /lib/x86_64-linux-gnu/librt-2.19.so
7f9c3020c000-7f9c3020d000 rw-p 00007000 08:05 2637411                    /lib/x86_64-linux-gnu/librt-2.19.so
7f9c3020d000-7f9c30312000 r-xp 00000000 08:05 2633735                    /lib/x86_64-linux-gnu/libm-2.19.so
7f9c30312000-7f9c30511000 ---p 00105000 08:05 2633735                    /lib/x86_64-linux-gnu/libm-2.19.so
7f9c30511000-7f9c30512000 r--p 00104000 08:05 2633735                    /lib/x86_64-linux-gnu/libm-2.19.so
7f9c30512000-7f9c30513000 rw-p 00105000 08:05 2633735                    /lib/x86_64-linux-gnu/libm-2.19.so
7f9c30513000-7f9c311d3000 r-xp 00000000 08:05 5901435                    /usr/lib/jvm/java-8-oracle/jre/lib/amd64/server/libjvm.so
7f9c311d3000-7f9c313d3000 ---p 00cc0000 08:05 5901435                    /usr/lib/jvm/java-8-oracle/jre/lib/amd64/server/libjvm.so
7f9c313d3000-7f9c314ab000 rw-p 00cc0000 08:05 5901435                    /usr/lib/jvm/java-8-oracle/jre/lib/amd64/server/libjvm.so
7f9c314ab000-7f9c314f6000 rw-p 00000000 00:00 0 
7f9c314f6000-7f9c316b1000 r-xp 00000000 08:05 2637412                    /lib/x86_64-linux-gnu/libc-2.19.so
7f9c316b1000-7f9c318b0000 ---p 001bb000 08:05 2637412                    /lib/x86_64-linux-gnu/libc-2.19.so
7f9c318b0000-7f9c318b4000 r--p 001ba000 08:05 2637412                    /lib/x86_64-linux-gnu/libc-2.19.so
7f9c318b4000-7f9c318b6000 rw-p 001be000 08:05 2637412                    /lib/x86_64-linux-gnu/libc-2.19.so
7f9c318b6000-7f9c318bb000 rw-p 00000000 00:00 0 
7f9c318bb000-7f9c318be000 r-xp 00000000 08:05 2633739                    /lib/x86_64-linux-gnu/libdl-2.19.so
7f9c318be000-7f9c31abd000 ---p 00003000 08:05 2633739                    /lib/x86_64-linux-gnu/libdl-2.19.so
7f9c31abd000-7f9c31abe000 r--p 00002000 08:05 2633739                    /lib/x86_64-linux-gnu/libdl-2.19.so
7f9c31abe000-7f9c31abf000 rw-p 00003000 08:05 2633739                    /lib/x86_64-linux-gnu/libdl-2.19.so
7f9c31abf000-7f9c31ad4000 r-xp 00000000 08:05 5901407                    /usr/lib/jvm/java-8-oracle/jre/lib/amd64/jli/libjli.so
7f9c31ad4000-7f9c31cd4000 ---p 00015000 08:05 5901407                    /usr/lib/jvm/java-8-oracle/jre/lib/amd64/jli/libjli.so
7f9c31cd4000-7f9c31cd5000 rw-p 00015000 08:05 5901407                    /usr/lib/jvm/java-8-oracle/jre/lib/amd64/jli/libjli.so
7f9c31cd5000-7f9c31cee000 r-xp 00000000 08:05 2633747                    /lib/x86_64-linux-gnu/libpthread-2.19.so
7f9c31cee000-7f9c31eed000 ---p 00019000 08:05 2633747                    /lib/x86_64-linux-gnu/libpthread-2.19.so
7f9c31eed000-7f9c31eee000 r--p 00018000 08:05 2633747                    /lib/x86_64-linux-gnu/libpthread-2.19.so
7f9c31eee000-7f9c31eef000 rw-p 00019000 08:05 2633747                    /lib/x86_64-linux-gnu/libpthread-2.19.so
7f9c31eef000-7f9c31ef3000 rw-p 00000000 00:00 0 
7f9c31ef3000-7f9c31f16000 r-xp 00000000 08:05 2636117                    /lib/x86_64-linux-gnu/ld-2.19.so
7f9c31f21000-7f9c31ff4000 rw-p 00000000 00:00 0 
7f9c31ff4000-7f9c31ff7000 ---p 00000000 00:00 0 
7f9c31ff7000-7f9c320f9000 rw-p 00000000 00:00 0                          [stack:4779]
7f9c32104000-7f9c32105000 rw-p 00000000 00:00 0 
7f9c32105000-7f9c32109000 r--s 00097000 08:05 5906378                    /usr/lib/jvm/java-8-oracle/jre/lib/jsse.jar
7f9c32109000-7f9c32111000 rw-s 00000000 08:05 4849687                    /tmp/hsperfdata_shah/4778
7f9c32111000-7f9c32112000 rw-p 00000000 00:00 0 
7f9c32112000-7f9c32113000 ---p 00000000 00:00 0 
7f9c32113000-7f9c32115000 rw-p 00000000 00:00 0 
7f9c32115000-7f9c32116000 r--p 00022000 08:05 2636117                    /lib/x86_64-linux-gnu/ld-2.19.so
7f9c32116000-7f9c32117000 rw-p 00023000 08:05 2636117                    /lib/x86_64-linux-gnu/ld-2.19.so
7f9c32117000-7f9c32118000 rw-p 00000000 00:00 0 
7ffd582f6000-7ffd58317000 rw-p 00000000 00:00 0                          [stack]
7ffd58341000-7ffd58343000 r--p 00000000 00:00 0                          [vvar]
7ffd58343000-7ffd58345000 r-xp 00000000 00:00 0                          [vdso]
ffffffffff600000-ffffffffff601000 r-xp 00000000 00:00 0                  [vsyscall]

VM Arguments:
jvm_args: -Xmx4g 
java_command: Tddd
java_class_path (initial): .
Launcher Type: SUN_STANDARD

Environment Variables:
JAVA_HOME=/usr/lib/jvm/java-7-oracle
PATH=/usr/local/sbin:/usr/local/bin:/usr/sbin:/usr/bin:/sbin:/bin:/usr/games:/usr/local/games:/usr/lib/jvm/java-7-oracle/bin:/usr/lib/jvm/java-7-oracle/db/bin:/usr/lib/jvm/java-7-oracle/jre/bin
SHELL=/bin/bash
DISPLAY=:0

Signal Handlers:
SIGSEGV: [libjvm.so+0xabca10], sa_mask[0]=11111111011111111101111111111110, sa_flags=SA_RESTART|SA_SIGINFO
SIGBUS: [libjvm.so+0xabca10], sa_mask[0]=11111111011111111101111111111110, sa_flags=SA_RESTART|SA_SIGINFO
SIGFPE: [libjvm.so+0x919a20], sa_mask[0]=11111111011111111101111111111110, sa_flags=SA_RESTART|SA_SIGINFO
SIGPIPE: [libjvm.so+0x919a20], sa_mask[0]=11111111011111111101111111111110, sa_flags=SA_RESTART|SA_SIGINFO
SIGXFSZ: [libjvm.so+0x919a20], sa_mask[0]=11111111011111111101111111111110, sa_flags=SA_RESTART|SA_SIGINFO
SIGILL: [libjvm.so+0x919a20], sa_mask[0]=11111111011111111101111111111110, sa_flags=SA_RESTART|SA_SIGINFO
SIGUSR1: SIG_DFL, sa_mask[0]=00000000000000000000000000000000, sa_flags=none
SIGUSR2: [libjvm.so+0x91b050], sa_mask[0]=00000000000000000000000000000000, sa_flags=SA_RESTART|SA_SIGINFO
SIGHUP: [libjvm.so+0x91c450], sa_mask[0]=11111111011111111101111111111110, sa_flags=SA_RESTART|SA_SIGINFO
SIGINT: [libjvm.so+0x91c450], sa_mask[0]=11111111011111111101111111111110, sa_flags=SA_RESTART|SA_SIGINFO
SIGTERM: [libjvm.so+0x91c450], sa_mask[0]=11111111011111111101111111111110, sa_flags=SA_RESTART|SA_SIGINFO
SIGQUIT: [libjvm.so+0x91c450], sa_mask[0]=11111111011111111101111111111110, sa_flags=SA_RESTART|SA_SIGINFO


---------------  S Y S T E M  ---------------

OS:DISTRIB_ID=Ubuntu
DISTRIB_RELEASE=14.04
DISTRIB_CODENAME=trusty
DISTRIB_DESCRIPTION="Ubuntu 14.04.3 LTS"

uname:Linux 3.19.0-25-generic #26~14.04.1-Ubuntu SMP Fri Jul 24 21:16:20 UTC 2015 x86_64
libc:glibc 2.19 NPTL 2.19 
rlimit: STACK 8192k, CORE 0k, NPROC 23578, NOFILE 4096, AS infinity
load average:2.35 1.60 1.07

/proc/meminfo:
MemTotal:        6057596 kB
MemFree:          205764 kB
MemAvailable:     391028 kB
Buffers:           10504 kB
Cached:           507360 kB
SwapCached:       119384 kB
Active:          4444204 kB
Inactive:        1232200 kB
Active(anon):    4219868 kB
Inactive(anon):  1120268 kB
Active(file):     224336 kB
Inactive(file):   111932 kB
Unevictable:          48 kB
Mlocked:              48 kB
SwapTotal:       6237180 kB
SwapFree:          13340 kB
Dirty:                20 kB
Writeback:             0 kB
AnonPages:       5039504 kB
Mapped:           201340 kB
Shmem:            181376 kB
Slab:              66256 kB
SReclaimable:      35848 kB
SUnreclaim:        30408 kB
KernelStack:        8064 kB
PageTables:        53004 kB
NFS_Unstable:          0 kB
Bounce:                0 kB
WritebackTmp:          0 kB
CommitLimit:     9265976 kB
Committed_AS:   14770372 kB
VmallocTotal:   34359738367 kB
VmallocUsed:      553504 kB
VmallocChunk:   34359178204 kB
HardwareCorrupted:     0 kB
AnonHugePages:   3270656 kB
CmaTotal:              0 kB
CmaFree:               0 kB
HugePages_Total:       0
HugePages_Free:        0
HugePages_Rsvd:        0
HugePages_Surp:        0
Hugepagesize:       2048 kB
DirectMap4k:      137472 kB
DirectMap2M:     6100992 kB


CPU:total 4 (2 cores per cpu, 2 threads per core) family 6 model 42 stepping 7, cmov, cx8, fxsr, mmx, sse, sse2, sse3, ssse3, sse4.1, sse4.2, popcnt, avx, aes, clmul, ht, tsc, tscinvbit

/proc/cpuinfo:
processor	: 0
vendor_id	: GenuineIntel
cpu family	: 6
model		: 42
model name	: Intel(R) Core(TM) i5-2410M CPU @ 2.30GHz
stepping	: 7
microcode	: 0x1a
cpu MHz		: 2654.792
cache size	: 3072 KB
physical id	: 0
siblings	: 4
core id		: 0
cpu cores	: 2
apicid		: 0
initial apicid	: 0
fpu		: yes
fpu_exception	: yes
cpuid level	: 13
wp		: yes
flags		: fpu vme de pse tsc msr pae mce cx8 apic sep mtrr pge mca cmov pat pse36 clflush dts acpi mmx fxsr sse sse2 ss ht tm pbe syscall nx rdtscp lm constant_tsc arch_perfmon pebs bts rep_good nopl xtopology nonstop_tsc aperfmperf eagerfpu pni pclmulqdq dtes64 monitor ds_cpl vmx est tm2 ssse3 cx16 xtpr pdcm pcid sse4_1 sse4_2 x2apic popcnt tsc_deadline_timer aes xsave avx lahf_lm ida arat epb pln pts dtherm tpr_shadow vnmi flexpriority ept vpid xsaveopt
bugs		:
bogomips	: 4589.95
clflush size	: 64
cache_alignment	: 64
address sizes	: 36 bits physical, 48 bits virtual
power management:

processor	: 1
vendor_id	: GenuineIntel
cpu family	: 6
model		: 42
model name	: Intel(R) Core(TM) i5-2410M CPU @ 2.30GHz
stepping	: 7
microcode	: 0x1a
cpu MHz		: 2696.390
cache size	: 3072 KB
physical id	: 0
siblings	: 4
core id		: 0
cpu cores	: 2
apicid		: 1
initial apicid	: 1
fpu		: yes
fpu_exception	: yes
cpuid level	: 13
wp		: yes
flags		: fpu vme de pse tsc msr pae mce cx8 apic sep mtrr pge mca cmov pat pse36 clflush dts acpi mmx fxsr sse sse2 ss ht tm pbe syscall nx rdtscp lm constant_tsc arch_perfmon pebs bts rep_good nopl xtopology nonstop_tsc aperfmperf eagerfpu pni pclmulqdq dtes64 monitor ds_cpl vmx est tm2 ssse3 cx16 xtpr pdcm pcid sse4_1 sse4_2 x2apic popcnt tsc_deadline_timer aes xsave avx lahf_lm ida arat epb pln pts dtherm tpr_shadow vnmi flexpriority ept vpid xsaveopt
bugs		:
bogomips	: 4589.95
clflush size	: 64
cache_alignment	: 64
address sizes	: 36 bits physical, 48 bits virtual
power management:

processor	: 2
vendor_id	: GenuineIntel
cpu family	: 6
model		: 42
model name	: Intel(R) Core(TM) i5-2410M CPU @ 2.30GHz
stepping	: 7
microcode	: 0x1a
cpu MHz		: 2715.527
cache size	: 3072 KB
physical id	: 0
siblings	: 4
core id		: 1
cpu cores	: 2
apicid		: 2
initial apicid	: 2
fpu		: yes
fpu_exception	: yes
cpuid level	: 13
wp		: yes
flags		: fpu vme de pse tsc msr pae mce cx8 apic sep mtrr pge mca cmov pat pse36 clflush dts acpi mmx fxsr sse sse2 ss ht tm pbe syscall nx rdtscp lm constant_tsc arch_perfmon pebs bts rep_good nopl xtopology nonstop_tsc aperfmperf eagerfpu pni pclmulqdq dtes64 monitor ds_cpl vmx est tm2 ssse3 cx16 xtpr pdcm pcid sse4_1 sse4_2 x2apic popcnt tsc_deadline_timer aes xsave avx lahf_lm ida arat epb pln pts dtherm tpr_shadow vnmi flexpriority ept vpid xsaveopt
bugs		:
bogomips	: 4589.95
clflush size	: 64
cache_alignment	: 64
address sizes	: 36 bits physical, 48 bits virtual
power management:

processor	: 3
vendor_id	: GenuineIntel
cpu family	: 6
model		: 42
model name	: Intel(R) Core(TM) i5-2410M CPU @ 2.30GHz
stepping	: 7
microcode	: 0x1a
cpu MHz		: 2703.488
cache size	: 3072 KB
physical id	: 0
siblings	: 4
core id		: 1
cpu cores	: 2
apicid		: 3
initial apicid	: 3
fpu		: yes
fpu_exception	: yes
cpuid level	: 13
wp		: yes
flags		: fpu vme de pse tsc msr pae mce cx8 apic sep mtrr pge mca cmov pat pse36 clflush dts acpi mmx fxsr sse sse2 ss ht tm pbe syscall nx rdtscp lm constant_tsc arch_perfmon pebs bts rep_good nopl xtopology nonstop_tsc aperfmperf eagerfpu pni pclmulqdq dtes64 monitor ds_cpl vmx est tm2 ssse3 cx16 xtpr pdcm pcid sse4_1 sse4_2 x2apic popcnt tsc_deadline_timer aes xsave avx lahf_lm ida arat epb pln pts dtherm tpr_shadow vnmi flexpriority ept vpid xsaveopt
bugs		:
bogomips	: 4589.95
clflush size	: 64
cache_alignment	: 64
address sizes	: 36 bits physical, 48 bits virtual
power management:



Memory: 4k page, physical 6057596k(205764k free), swap 6237180k(13340k free)

vm_info: Java HotSpot(TM) 64-Bit Server VM (25.91-b14) for linux-amd64 JRE (1.8.0_91-b14), built on Apr  1 2016 00:57:21 by "java_re" with gcc 4.3.0 20080428 (Red Hat 4.3.0-8)

time: Tue Aug 16 17:50:25 2016
elapsed time: 57 seconds (0d 0h 0m 57s)

